\BOOKMARK [0][-]{section*.1}{Acknowledgements}{}% 1
\BOOKMARK [0][-]{chapter.1}{Introduction}{}% 2
\BOOKMARK [1][-]{section.1.1}{The team}{chapter.1}% 3
\BOOKMARK [1][-]{section.1.2}{The project}{chapter.1}% 4
\BOOKMARK [1][-]{section.1.3}{How this report organizes}{chapter.1}% 5
\BOOKMARK [0][-]{chapter.2}{Project Evaluation}{}% 6
\BOOKMARK [1][-]{section.2.1}{General evaluation}{chapter.2}% 7
\BOOKMARK [1][-]{section.2.2}{Project significance}{chapter.2}% 8
\BOOKMARK [0][-]{chapter.3}{Team Evaluation}{}% 9
\BOOKMARK [1][-]{section.3.1}{Nguyen Tran Phuong Nguyen}{chapter.3}% 10
\BOOKMARK [1][-]{section.3.2}{Nguyen Quang Minh}{chapter.3}% 11
\BOOKMARK [1][-]{section.3.3}{Tran Dinh Duy}{chapter.3}% 12
\BOOKMARK [1][-]{section.3.4}{Nguyen Nhat Tien}{chapter.3}% 13
\BOOKMARK [1][-]{section.3.5}{Duong Gia Tuan}{chapter.3}% 14
\BOOKMARK [1][-]{section.3.6}{Nguyen Trong Tin}{chapter.3}% 15
\BOOKMARK [0][-]{chapter.4}{Theory and Practice}{}% 16
\BOOKMARK [1][-]{section.4.1}{Technology}{chapter.4}% 17
\BOOKMARK [2][-]{subsection.4.1.1}{Ionic framework}{section.4.1}% 18
\BOOKMARK [2][-]{subsection.4.1.2}{Ruby on Rails}{section.4.1}% 19
\BOOKMARK [1][-]{section.4.2}{Software development methodology}{chapter.4}% 20
\BOOKMARK [0][-]{chapter.5}{Personal Development}{}% 21
\BOOKMARK [1][-]{section.5.1}{Self-evaluation}{chapter.5}% 22
\BOOKMARK [2][-]{subsection.5.1.1}{My role and impact}{section.5.1}% 23
\BOOKMARK [2][-]{subsection.5.1.2}{Personal and professional growth}{section.5.1}% 24
\BOOKMARK [1][-]{section.5.2}{Team evaluation}{chapter.5}% 25
\BOOKMARK [0][-]{chapter.6}{Conclusion}{}% 26
\BOOKMARK [0][-]{section*.4}{References}{}% 27
